CRITICAL - 2022-06-14 08:22:50 --> Invalid file: user/login.php
#0 C:\xampp\htdocs\lab11_php_ci2\ci4\system\View\View.php(198): CodeIgniter\Exceptions\FrameworkException::forInvalidFile('user/login.php')
#1 C:\xampp\htdocs\lab11_php_ci2\ci4\system\Common.php(1089): CodeIgniter\View\View->render('user/login', Array, true)
#2 C:\xampp\htdocs\lab11_php_ci2\ci4\app\Controllers\User.php(20): view('user/login')
#3 C:\xampp\htdocs\lab11_php_ci2\ci4\system\CodeIgniter.php(832): App\Controllers\User->login()
#4 C:\xampp\htdocs\lab11_php_ci2\ci4\system\CodeIgniter.php(419): CodeIgniter\CodeIgniter->runController(Object(App\Controllers\User))
#5 C:\xampp\htdocs\lab11_php_ci2\ci4\system\CodeIgniter.php(326): CodeIgniter\CodeIgniter->handleRequest(NULL, Object(Config\Cache), false)
#6 C:\xampp\htdocs\lab11_php_ci2\ci4\public\index.php(37): CodeIgniter\CodeIgniter->run()
#7 C:\xampp\htdocs\lab11_php_ci2\ci4\system\Commands\Server\rewrite.php(43): require_once('C:\\xampp\\htdocs...')
#8 {main}
CRITICAL - 2022-06-14 08:24:06 --> Invalid file: user/login.php
#0 C:\xampp\htdocs\lab11_php_ci2\ci4\system\View\View.php(198): CodeIgniter\Exceptions\FrameworkException::forInvalidFile('user/login.php')
#1 C:\xampp\htdocs\lab11_php_ci2\ci4\system\Common.php(1089): CodeIgniter\View\View->render('user/login', Array, true)
#2 C:\xampp\htdocs\lab11_php_ci2\ci4\app\Controllers\User.php(20): view('user/login')
#3 C:\xampp\htdocs\lab11_php_ci2\ci4\system\CodeIgniter.php(832): App\Controllers\User->login()
#4 C:\xampp\htdocs\lab11_php_ci2\ci4\system\CodeIgniter.php(419): CodeIgniter\CodeIgniter->runController(Object(App\Controllers\User))
#5 C:\xampp\htdocs\lab11_php_ci2\ci4\system\CodeIgniter.php(326): CodeIgniter\CodeIgniter->handleRequest(NULL, Object(Config\Cache), false)
#6 C:\xampp\htdocs\lab11_php_ci2\ci4\public\index.php(37): CodeIgniter\CodeIgniter->run()
#7 C:\xampp\htdocs\lab11_php_ci2\ci4\system\Commands\Server\rewrite.php(43): require_once('C:\\xampp\\htdocs...')
#8 {main}
CRITICAL - 2022-06-14 08:27:34 --> Invalid file: user/login.php
#0 C:\xampp\htdocs\lab11_php_ci2\ci4\system\View\View.php(198): CodeIgniter\Exceptions\FrameworkException::forInvalidFile('user/login.php')
#1 C:\xampp\htdocs\lab11_php_ci2\ci4\system\Common.php(1089): CodeIgniter\View\View->render('user/login', Array, true)
#2 C:\xampp\htdocs\lab11_php_ci2\ci4\app\Controllers\User.php(20): view('user/login')
#3 C:\xampp\htdocs\lab11_php_ci2\ci4\system\CodeIgniter.php(832): App\Controllers\User->login()
#4 C:\xampp\htdocs\lab11_php_ci2\ci4\system\CodeIgniter.php(419): CodeIgniter\CodeIgniter->runController(Object(App\Controllers\User))
#5 C:\xampp\htdocs\lab11_php_ci2\ci4\system\CodeIgniter.php(326): CodeIgniter\CodeIgniter->handleRequest(NULL, Object(Config\Cache), false)
#6 C:\xampp\htdocs\lab11_php_ci2\ci4\public\index.php(37): CodeIgniter\CodeIgniter->run()
#7 C:\xampp\htdocs\lab11_php_ci2\ci4\system\Commands\Server\rewrite.php(43): require_once('C:\\xampp\\htdocs...')
#8 {main}
CRITICAL - 2022-06-14 08:28:21 --> Invalid file: user/login.php
#0 C:\xampp\htdocs\lab11_php_ci2\ci4\system\View\View.php(198): CodeIgniter\Exceptions\FrameworkException::forInvalidFile('user/login.php')
#1 C:\xampp\htdocs\lab11_php_ci2\ci4\system\Common.php(1089): CodeIgniter\View\View->render('user/login', Array, true)
#2 C:\xampp\htdocs\lab11_php_ci2\ci4\app\Controllers\User.php(20): view('user/login')
#3 C:\xampp\htdocs\lab11_php_ci2\ci4\system\CodeIgniter.php(832): App\Controllers\User->login()
#4 C:\xampp\htdocs\lab11_php_ci2\ci4\system\CodeIgniter.php(419): CodeIgniter\CodeIgniter->runController(Object(App\Controllers\User))
#5 C:\xampp\htdocs\lab11_php_ci2\ci4\system\CodeIgniter.php(326): CodeIgniter\CodeIgniter->handleRequest(NULL, Object(Config\Cache), false)
#6 C:\xampp\htdocs\lab11_php_ci2\ci4\public\index.php(37): CodeIgniter\CodeIgniter->run()
#7 C:\xampp\htdocs\lab11_php_ci2\ci4\system\Commands\Server\rewrite.php(43): require_once('C:\\xampp\\htdocs...')
#8 {main}
CRITICAL - 2022-06-14 08:28:26 --> Invalid file: user/index.php
#0 C:\xampp\htdocs\lab11_php_ci2\ci4\system\View\View.php(198): CodeIgniter\Exceptions\FrameworkException::forInvalidFile('user/index.php')
#1 C:\xampp\htdocs\lab11_php_ci2\ci4\system\Common.php(1089): CodeIgniter\View\View->render('user/index', Array, true)
#2 C:\xampp\htdocs\lab11_php_ci2\ci4\app\Controllers\User.php(11): view('user/index', Array)
#3 C:\xampp\htdocs\lab11_php_ci2\ci4\system\CodeIgniter.php(832): App\Controllers\User->index()
#4 C:\xampp\htdocs\lab11_php_ci2\ci4\system\CodeIgniter.php(419): CodeIgniter\CodeIgniter->runController(Object(App\Controllers\User))
#5 C:\xampp\htdocs\lab11_php_ci2\ci4\system\CodeIgniter.php(326): CodeIgniter\CodeIgniter->handleRequest(NULL, Object(Config\Cache), false)
#6 C:\xampp\htdocs\lab11_php_ci2\ci4\public\index.php(37): CodeIgniter\CodeIgniter->run()
#7 C:\xampp\htdocs\lab11_php_ci2\ci4\system\Commands\Server\rewrite.php(43): require_once('C:\\xampp\\htdocs...')
#8 {main}
CRITICAL - 2022-06-14 08:28:41 --> Invalid file: user/index.php
#0 C:\xampp\htdocs\lab11_php_ci2\ci4\system\View\View.php(198): CodeIgniter\Exceptions\FrameworkException::forInvalidFile('user/index.php')
#1 C:\xampp\htdocs\lab11_php_ci2\ci4\system\Common.php(1089): CodeIgniter\View\View->render('user/index', Array, true)
#2 C:\xampp\htdocs\lab11_php_ci2\ci4\app\Controllers\User.php(11): view('user/index', Array)
#3 C:\xampp\htdocs\lab11_php_ci2\ci4\system\CodeIgniter.php(832): App\Controllers\User->index()
#4 C:\xampp\htdocs\lab11_php_ci2\ci4\system\CodeIgniter.php(419): CodeIgniter\CodeIgniter->runController(Object(App\Controllers\User))
#5 C:\xampp\htdocs\lab11_php_ci2\ci4\system\CodeIgniter.php(326): CodeIgniter\CodeIgniter->handleRequest(NULL, Object(Config\Cache), false)
#6 C:\xampp\htdocs\lab11_php_ci2\ci4\public\index.php(37): CodeIgniter\CodeIgniter->run()
#7 C:\xampp\htdocs\lab11_php_ci2\ci4\system\Commands\Server\rewrite.php(43): require_once('C:\\xampp\\htdocs...')
#8 {main}
CRITICAL - 2022-06-14 08:35:08 --> Invalid file: user/login.php
#0 C:\xampp\htdocs\lab11_php_ci2\ci4\system\View\View.php(198): CodeIgniter\Exceptions\FrameworkException::forInvalidFile('user/login.php')
#1 C:\xampp\htdocs\lab11_php_ci2\ci4\system\Common.php(1089): CodeIgniter\View\View->render('user/login', Array, true)
#2 C:\xampp\htdocs\lab11_php_ci2\ci4\app\Controllers\User.php(20): view('user/login')
#3 C:\xampp\htdocs\lab11_php_ci2\ci4\system\CodeIgniter.php(832): App\Controllers\User->login()
#4 C:\xampp\htdocs\lab11_php_ci2\ci4\system\CodeIgniter.php(419): CodeIgniter\CodeIgniter->runController(Object(App\Controllers\User))
#5 C:\xampp\htdocs\lab11_php_ci2\ci4\system\CodeIgniter.php(326): CodeIgniter\CodeIgniter->handleRequest(NULL, Object(Config\Cache), false)
#6 C:\xampp\htdocs\lab11_php_ci2\ci4\public\index.php(37): CodeIgniter\CodeIgniter->run()
#7 C:\xampp\htdocs\lab11_php_ci2\ci4\system\Commands\Server\rewrite.php(43): require_once('C:\\xampp\\htdocs...')
#8 {main}
CRITICAL - 2022-06-14 08:44:12 --> Invalid file: user/login.php
#0 C:\xampp\htdocs\lab11_php_ci2\ci4\system\View\View.php(198): CodeIgniter\Exceptions\FrameworkException::forInvalidFile('user/login.php')
#1 C:\xampp\htdocs\lab11_php_ci2\ci4\system\Common.php(1089): CodeIgniter\View\View->render('user/login', Array, true)
#2 C:\xampp\htdocs\lab11_php_ci2\ci4\app\Controllers\User.php(20): view('user/login')
#3 C:\xampp\htdocs\lab11_php_ci2\ci4\system\CodeIgniter.php(832): App\Controllers\User->login()
#4 C:\xampp\htdocs\lab11_php_ci2\ci4\system\CodeIgniter.php(419): CodeIgniter\CodeIgniter->runController(Object(App\Controllers\User))
#5 C:\xampp\htdocs\lab11_php_ci2\ci4\system\CodeIgniter.php(326): CodeIgniter\CodeIgniter->handleRequest(NULL, Object(Config\Cache), false)
#6 C:\xampp\htdocs\lab11_php_ci2\ci4\public\index.php(37): CodeIgniter\CodeIgniter->run()
#7 C:\xampp\htdocs\lab11_php_ci2\ci4\system\Commands\Server\rewrite.php(43): require_once('C:\\xampp\\htdocs...')
#8 {main}
CRITICAL - 2022-06-14 08:44:14 --> Invalid file: user/login.php
#0 C:\xampp\htdocs\lab11_php_ci2\ci4\system\View\View.php(198): CodeIgniter\Exceptions\FrameworkException::forInvalidFile('user/login.php')
#1 C:\xampp\htdocs\lab11_php_ci2\ci4\system\Common.php(1089): CodeIgniter\View\View->render('user/login', Array, true)
#2 C:\xampp\htdocs\lab11_php_ci2\ci4\app\Controllers\User.php(20): view('user/login')
#3 C:\xampp\htdocs\lab11_php_ci2\ci4\system\CodeIgniter.php(832): App\Controllers\User->login()
#4 C:\xampp\htdocs\lab11_php_ci2\ci4\system\CodeIgniter.php(419): CodeIgniter\CodeIgniter->runController(Object(App\Controllers\User))
#5 C:\xampp\htdocs\lab11_php_ci2\ci4\system\CodeIgniter.php(326): CodeIgniter\CodeIgniter->handleRequest(NULL, Object(Config\Cache), false)
#6 C:\xampp\htdocs\lab11_php_ci2\ci4\public\index.php(37): CodeIgniter\CodeIgniter->run()
#7 C:\xampp\htdocs\lab11_php_ci2\ci4\system\Commands\Server\rewrite.php(43): require_once('C:\\xampp\\htdocs...')
#8 {main}
CRITICAL - 2022-06-14 08:44:32 --> Invalid file: user/login.php
#0 C:\xampp\htdocs\lab11_php_ci2\ci4\system\View\View.php(198): CodeIgniter\Exceptions\FrameworkException::forInvalidFile('user/login.php')
#1 C:\xampp\htdocs\lab11_php_ci2\ci4\system\Common.php(1089): CodeIgniter\View\View->render('user/login', Array, true)
#2 C:\xampp\htdocs\lab11_php_ci2\ci4\app\Controllers\User.php(20): view('user/login')
#3 C:\xampp\htdocs\lab11_php_ci2\ci4\system\CodeIgniter.php(832): App\Controllers\User->login()
#4 C:\xampp\htdocs\lab11_php_ci2\ci4\system\CodeIgniter.php(419): CodeIgniter\CodeIgniter->runController(Object(App\Controllers\User))
#5 C:\xampp\htdocs\lab11_php_ci2\ci4\system\CodeIgniter.php(326): CodeIgniter\CodeIgniter->handleRequest(NULL, Object(Config\Cache), false)
#6 C:\xampp\htdocs\lab11_php_ci2\ci4\public\index.php(37): CodeIgniter\CodeIgniter->run()
#7 C:\xampp\htdocs\lab11_php_ci2\ci4\system\Commands\Server\rewrite.php(43): require_once('C:\\xampp\\htdocs...')
#8 {main}
CRITICAL - 2022-06-14 08:50:17 --> Invalid file: user/login.php
#0 C:\xampp\htdocs\lab11_php_ci2\ci4\system\View\View.php(198): CodeIgniter\Exceptions\FrameworkException::forInvalidFile('user/login.php')
#1 C:\xampp\htdocs\lab11_php_ci2\ci4\system\Common.php(1089): CodeIgniter\View\View->render('user/login', Array, true)
#2 C:\xampp\htdocs\lab11_php_ci2\ci4\app\Controllers\User.php(20): view('user/login')
#3 C:\xampp\htdocs\lab11_php_ci2\ci4\system\CodeIgniter.php(832): App\Controllers\User->login()
#4 C:\xampp\htdocs\lab11_php_ci2\ci4\system\CodeIgniter.php(419): CodeIgniter\CodeIgniter->runController(Object(App\Controllers\User))
#5 C:\xampp\htdocs\lab11_php_ci2\ci4\system\CodeIgniter.php(326): CodeIgniter\CodeIgniter->handleRequest(NULL, Object(Config\Cache), false)
#6 C:\xampp\htdocs\lab11_php_ci2\ci4\public\index.php(37): CodeIgniter\CodeIgniter->run()
#7 C:\xampp\htdocs\lab11_php_ci2\ci4\system\Commands\Server\rewrite.php(43): require_once('C:\\xampp\\htdocs...')
#8 {main}
CRITICAL - 2022-06-14 09:09:30 --> Class 'Config\App\Filters\Auth' not found
#0 C:\xampp\htdocs\lab11_php_ci2\ci4\system\CodeIgniter.php(393): CodeIgniter\Filters\Filters->run('admin/artikel', 'before')
#1 C:\xampp\htdocs\lab11_php_ci2\ci4\system\CodeIgniter.php(326): CodeIgniter\CodeIgniter->handleRequest(NULL, Object(Config\Cache), false)
#2 C:\xampp\htdocs\lab11_php_ci2\ci4\public\index.php(37): CodeIgniter\CodeIgniter->run()
#3 C:\xampp\htdocs\lab11_php_ci2\ci4\system\Commands\Server\rewrite.php(43): require_once('C:\\xampp\\htdocs...')
#4 {main}
CRITICAL - 2022-06-14 09:14:06 --> Class 'Config\App\Filters\Auth' not found
#0 C:\xampp\htdocs\lab11_php_ci2\ci4\system\CodeIgniter.php(393): CodeIgniter\Filters\Filters->run('admin/artikel', 'before')
#1 C:\xampp\htdocs\lab11_php_ci2\ci4\system\CodeIgniter.php(326): CodeIgniter\CodeIgniter->handleRequest(NULL, Object(Config\Cache), false)
#2 C:\xampp\htdocs\lab11_php_ci2\ci4\public\index.php(37): CodeIgniter\CodeIgniter->run()
#3 C:\xampp\htdocs\lab11_php_ci2\ci4\system\Commands\Server\rewrite.php(43): require_once('C:\\xampp\\htdocs...')
#4 {main}
CRITICAL - 2022-06-14 09:18:26 --> Class 'Config\App\Filters\Auth' not found
#0 C:\xampp\htdocs\lab11_php_ci2\ci4\system\CodeIgniter.php(393): CodeIgniter\Filters\Filters->run('admin/artikel', 'before')
#1 C:\xampp\htdocs\lab11_php_ci2\ci4\system\CodeIgniter.php(326): CodeIgniter\CodeIgniter->handleRequest(NULL, Object(Config\Cache), false)
#2 C:\xampp\htdocs\lab11_php_ci2\ci4\public\index.php(37): CodeIgniter\CodeIgniter->run()
#3 C:\xampp\htdocs\lab11_php_ci2\ci4\system\Commands\Server\rewrite.php(43): require_once('C:\\xampp\\htdocs...')
#4 {main}
CRITICAL - 2022-06-14 09:22:59 --> Class 'Config\App\Filters\Auth' not found
#0 C:\xampp\htdocs\lab11_php_ci2\ci4\system\CodeIgniter.php(393): CodeIgniter\Filters\Filters->run('admin/artikel', 'before')
#1 C:\xampp\htdocs\lab11_php_ci2\ci4\system\CodeIgniter.php(326): CodeIgniter\CodeIgniter->handleRequest(NULL, Object(Config\Cache), false)
#2 C:\xampp\htdocs\lab11_php_ci2\ci4\public\index.php(37): CodeIgniter\CodeIgniter->run()
#3 C:\xampp\htdocs\lab11_php_ci2\ci4\system\Commands\Server\rewrite.php(43): require_once('C:\\xampp\\htdocs...')
#4 {main}
CRITICAL - 2022-06-14 09:23:05 --> Class 'Config\App\Filters\Auth' not found
#0 C:\xampp\htdocs\lab11_php_ci2\ci4\system\CodeIgniter.php(393): CodeIgniter\Filters\Filters->run('admin/artikel', 'before')
#1 C:\xampp\htdocs\lab11_php_ci2\ci4\system\CodeIgniter.php(326): CodeIgniter\CodeIgniter->handleRequest(NULL, Object(Config\Cache), false)
#2 C:\xampp\htdocs\lab11_php_ci2\ci4\public\index.php(37): CodeIgniter\CodeIgniter->run()
#3 C:\xampp\htdocs\lab11_php_ci2\ci4\system\Commands\Server\rewrite.php(43): require_once('C:\\xampp\\htdocs...')
#4 {main}
CRITICAL - 2022-06-14 09:23:07 --> Class 'Config\App\Filters\Auth' not found
#0 C:\xampp\htdocs\lab11_php_ci2\ci4\system\CodeIgniter.php(393): CodeIgniter\Filters\Filters->run('admin/artikel', 'before')
#1 C:\xampp\htdocs\lab11_php_ci2\ci4\system\CodeIgniter.php(326): CodeIgniter\CodeIgniter->handleRequest(NULL, Object(Config\Cache), false)
#2 C:\xampp\htdocs\lab11_php_ci2\ci4\public\index.php(37): CodeIgniter\CodeIgniter->run()
#3 C:\xampp\htdocs\lab11_php_ci2\ci4\system\Commands\Server\rewrite.php(43): require_once('C:\\xampp\\htdocs...')
#4 {main}
CRITICAL - 2022-06-14 09:26:54 --> Class 'Config\App\Filters\Auth' not found
#0 C:\xampp\htdocs\lab11_php_ci2\ci4\system\CodeIgniter.php(393): CodeIgniter\Filters\Filters->run('admin/artikel', 'before')
#1 C:\xampp\htdocs\lab11_php_ci2\ci4\system\CodeIgniter.php(326): CodeIgniter\CodeIgniter->handleRequest(NULL, Object(Config\Cache), false)
#2 C:\xampp\htdocs\lab11_php_ci2\ci4\public\index.php(37): CodeIgniter\CodeIgniter->run()
#3 C:\xampp\htdocs\lab11_php_ci2\ci4\system\Commands\Server\rewrite.php(43): require_once('C:\\xampp\\htdocs...')
#4 {main}
