ERROR - 2023-06-05 22:09:21 --> Error connecting to the database: Unknown database 'lab_ci4'
CRITICAL - 2023-06-05 22:09:21 --> Unable to connect to the database.
Main connection [MySQLi]: Unknown database 'lab_ci4'
#0 C:\xampp\htdocs\lab10web\ci4\system\Database\BaseConnection.php(577): CodeIgniter\Database\BaseConnection->initialize()
#1 C:\xampp\htdocs\lab10web\ci4\system\Database\BaseBuilder.php(1455): CodeIgniter\Database\BaseConnection->query('SELECT *\nFROM `...', Array, false)
#2 C:\xampp\htdocs\lab10web\ci4\system\Model.php(210): CodeIgniter\Database\BaseBuilder->get()
#3 C:\xampp\htdocs\lab10web\ci4\system\BaseModel.php(622): CodeIgniter\Model->doFirst()
#4 C:\xampp\htdocs\lab10web\ci4\app\Controllers\User.php(26): CodeIgniter\BaseModel->first()
#5 C:\xampp\htdocs\lab10web\ci4\system\CodeIgniter.php(832): App\Controllers\User->login()
#6 C:\xampp\htdocs\lab10web\ci4\system\CodeIgniter.php(419): CodeIgniter\CodeIgniter->runController(Object(App\Controllers\User))
#7 C:\xampp\htdocs\lab10web\ci4\system\CodeIgniter.php(326): CodeIgniter\CodeIgniter->handleRequest(NULL, Object(Config\Cache), false)
#8 C:\xampp\htdocs\lab10web\ci4\public\index.php(37): CodeIgniter\CodeIgniter->run()
#9 C:\xampp\htdocs\lab10web\ci4\system\Commands\Server\rewrite.php(43): require_once('C:\\xampp\\htdocs...')
#10 {main}
ERROR - 2023-06-05 22:12:16 --> Error connecting to the database: Unknown database 'lab_ci4'
CRITICAL - 2023-06-05 22:12:16 --> Unable to connect to the database.
Main connection [MySQLi]: Unknown database 'lab_ci4'
#0 C:\xampp\htdocs\lab10web\ci4\system\Database\BaseConnection.php(577): CodeIgniter\Database\BaseConnection->initialize()
#1 C:\xampp\htdocs\lab10web\ci4\system\Database\BaseBuilder.php(1455): CodeIgniter\Database\BaseConnection->query('SELECT *\nFROM `...', Array, false)
#2 C:\xampp\htdocs\lab10web\ci4\system\Model.php(210): CodeIgniter\Database\BaseBuilder->get()
#3 C:\xampp\htdocs\lab10web\ci4\system\BaseModel.php(622): CodeIgniter\Model->doFirst()
#4 C:\xampp\htdocs\lab10web\ci4\app\Controllers\User.php(26): CodeIgniter\BaseModel->first()
#5 C:\xampp\htdocs\lab10web\ci4\system\CodeIgniter.php(832): App\Controllers\User->login()
#6 C:\xampp\htdocs\lab10web\ci4\system\CodeIgniter.php(419): CodeIgniter\CodeIgniter->runController(Object(App\Controllers\User))
#7 C:\xampp\htdocs\lab10web\ci4\system\CodeIgniter.php(326): CodeIgniter\CodeIgniter->handleRequest(NULL, Object(Config\Cache), false)
#8 C:\xampp\htdocs\lab10web\ci4\public\index.php(37): CodeIgniter\CodeIgniter->run()
#9 C:\xampp\htdocs\lab10web\ci4\system\Commands\Server\rewrite.php(43): require_once('C:\\xampp\\htdocs...')
#10 {main}
ERROR - 2023-06-05 22:15:57 --> Error connecting to the database: Unknown database 'lab_ci4'
CRITICAL - 2023-06-05 22:15:57 --> Unable to connect to the database.
Main connection [MySQLi]: Unknown database 'lab_ci4'
#0 C:\xampp\htdocs\lab10web\ci4\system\Database\BaseConnection.php(577): CodeIgniter\Database\BaseConnection->initialize()
#1 C:\xampp\htdocs\lab10web\ci4\system\Database\BaseBuilder.php(1455): CodeIgniter\Database\BaseConnection->query('SELECT *\nFROM `...', Array, false)
#2 C:\xampp\htdocs\lab10web\ci4\system\Model.php(210): CodeIgniter\Database\BaseBuilder->get()
#3 C:\xampp\htdocs\lab10web\ci4\system\BaseModel.php(622): CodeIgniter\Model->doFirst()
#4 C:\xampp\htdocs\lab10web\ci4\app\Controllers\User.php(26): CodeIgniter\BaseModel->first()
#5 C:\xampp\htdocs\lab10web\ci4\system\CodeIgniter.php(832): App\Controllers\User->login()
#6 C:\xampp\htdocs\lab10web\ci4\system\CodeIgniter.php(419): CodeIgniter\CodeIgniter->runController(Object(App\Controllers\User))
#7 C:\xampp\htdocs\lab10web\ci4\system\CodeIgniter.php(326): CodeIgniter\CodeIgniter->handleRequest(NULL, Object(Config\Cache), false)
#8 C:\xampp\htdocs\lab10web\ci4\public\index.php(37): CodeIgniter\CodeIgniter->run()
#9 C:\xampp\htdocs\lab10web\ci4\system\Commands\Server\rewrite.php(43): require_once('C:\\xampp\\htdocs...')
#10 {main}
ERROR - 2023-06-05 22:20:47 --> Error connecting to the database: Unknown database 'lab_ci4'
CRITICAL - 2023-06-05 22:20:47 --> Unable to connect to the database.
Main connection [MySQLi]: Unknown database 'lab_ci4'
#0 C:\xampp\htdocs\lab10web\ci4\system\Database\BaseConnection.php(577): CodeIgniter\Database\BaseConnection->initialize()
#1 C:\xampp\htdocs\lab10web\ci4\system\Database\BaseBuilder.php(1455): CodeIgniter\Database\BaseConnection->query('SELECT *\nFROM `...', Array, false)
#2 C:\xampp\htdocs\lab10web\ci4\system\Model.php(210): CodeIgniter\Database\BaseBuilder->get()
#3 C:\xampp\htdocs\lab10web\ci4\system\BaseModel.php(622): CodeIgniter\Model->doFirst()
#4 C:\xampp\htdocs\lab10web\ci4\app\Controllers\User.php(26): CodeIgniter\BaseModel->first()
#5 C:\xampp\htdocs\lab10web\ci4\system\CodeIgniter.php(832): App\Controllers\User->login()
#6 C:\xampp\htdocs\lab10web\ci4\system\CodeIgniter.php(419): CodeIgniter\CodeIgniter->runController(Object(App\Controllers\User))
#7 C:\xampp\htdocs\lab10web\ci4\system\CodeIgniter.php(326): CodeIgniter\CodeIgniter->handleRequest(NULL, Object(Config\Cache), false)
#8 C:\xampp\htdocs\lab10web\ci4\public\index.php(37): CodeIgniter\CodeIgniter->run()
#9 C:\xampp\htdocs\lab10web\ci4\system\Commands\Server\rewrite.php(43): require_once('C:\\xampp\\htdocs...')
#10 {main}
ERROR - 2023-06-05 22:36:29 --> Error connecting to the database: Unknown database 'lab_ci4'
CRITICAL - 2023-06-05 22:36:29 --> Unable to connect to the database.
Main connection [MySQLi]: Unknown database 'lab_ci4'
#0 C:\xampp\htdocs\lab10web\ci4\system\Database\BaseConnection.php(577): CodeIgniter\Database\BaseConnection->initialize()
#1 C:\xampp\htdocs\lab10web\ci4\system\Database\BaseBuilder.php(1455): CodeIgniter\Database\BaseConnection->query('SELECT *\nFROM `...', Array, false)
#2 C:\xampp\htdocs\lab10web\ci4\system\Model.php(210): CodeIgniter\Database\BaseBuilder->get()
#3 C:\xampp\htdocs\lab10web\ci4\system\BaseModel.php(622): CodeIgniter\Model->doFirst()
#4 C:\xampp\htdocs\lab10web\ci4\app\Controllers\User.php(26): CodeIgniter\BaseModel->first()
#5 C:\xampp\htdocs\lab10web\ci4\system\CodeIgniter.php(832): App\Controllers\User->login()
#6 C:\xampp\htdocs\lab10web\ci4\system\CodeIgniter.php(419): CodeIgniter\CodeIgniter->runController(Object(App\Controllers\User))
#7 C:\xampp\htdocs\lab10web\ci4\system\CodeIgniter.php(326): CodeIgniter\CodeIgniter->handleRequest(NULL, Object(Config\Cache), false)
#8 C:\xampp\htdocs\lab10web\ci4\public\index.php(37): CodeIgniter\CodeIgniter->run()
#9 C:\xampp\htdocs\lab10web\ci4\system\Commands\Server\rewrite.php(43): require_once('C:\\xampp\\htdocs...')
#10 {main}
ERROR - 2023-06-05 22:44:53 --> Table 'lab4_ci.user' doesn't exist
CRITICAL - 2023-06-05 22:44:53 --> Table 'lab4_ci.user' doesn't exist
#0 C:\xampp\htdocs\lab10web\ci4\system\Database\MySQLi\Connection.php(292): mysqli->query('SELECT *\nFROM `...', 0)
#1 C:\xampp\htdocs\lab10web\ci4\system\Database\BaseConnection.php(670): CodeIgniter\Database\MySQLi\Connection->execute('SELECT *\nFROM `...')
#2 C:\xampp\htdocs\lab10web\ci4\system\Database\BaseConnection.php(598): CodeIgniter\Database\BaseConnection->simpleQuery('SELECT *\nFROM `...')
#3 C:\xampp\htdocs\lab10web\ci4\system\Database\BaseBuilder.php(1455): CodeIgniter\Database\BaseConnection->query('SELECT *\nFROM `...', Array, false)
#4 C:\xampp\htdocs\lab10web\ci4\system\Model.php(210): CodeIgniter\Database\BaseBuilder->get()
#5 C:\xampp\htdocs\lab10web\ci4\system\BaseModel.php(622): CodeIgniter\Model->doFirst()
#6 C:\xampp\htdocs\lab10web\ci4\app\Controllers\User.php(26): CodeIgniter\BaseModel->first()
#7 C:\xampp\htdocs\lab10web\ci4\system\CodeIgniter.php(832): App\Controllers\User->login()
#8 C:\xampp\htdocs\lab10web\ci4\system\CodeIgniter.php(419): CodeIgniter\CodeIgniter->runController(Object(App\Controllers\User))
#9 C:\xampp\htdocs\lab10web\ci4\system\CodeIgniter.php(326): CodeIgniter\CodeIgniter->handleRequest(NULL, Object(Config\Cache), false)
#10 C:\xampp\htdocs\lab10web\ci4\public\index.php(37): CodeIgniter\CodeIgniter->run()
#11 C:\xampp\htdocs\lab10web\ci4\system\Commands\Server\rewrite.php(43): require_once('C:\\xampp\\htdocs...')
#12 {main}
ERROR - 2023-06-05 22:45:07 --> Table 'lab4_ci.user' doesn't exist
CRITICAL - 2023-06-05 22:45:07 --> Table 'lab4_ci.user' doesn't exist
#0 C:\xampp\htdocs\lab10web\ci4\system\Database\MySQLi\Connection.php(292): mysqli->query('SELECT *\nFROM `...', 0)
#1 C:\xampp\htdocs\lab10web\ci4\system\Database\BaseConnection.php(670): CodeIgniter\Database\MySQLi\Connection->execute('SELECT *\nFROM `...')
#2 C:\xampp\htdocs\lab10web\ci4\system\Database\BaseConnection.php(598): CodeIgniter\Database\BaseConnection->simpleQuery('SELECT *\nFROM `...')
#3 C:\xampp\htdocs\lab10web\ci4\system\Database\BaseBuilder.php(1455): CodeIgniter\Database\BaseConnection->query('SELECT *\nFROM `...', Array, false)
#4 C:\xampp\htdocs\lab10web\ci4\system\Model.php(210): CodeIgniter\Database\BaseBuilder->get()
#5 C:\xampp\htdocs\lab10web\ci4\system\BaseModel.php(622): CodeIgniter\Model->doFirst()
#6 C:\xampp\htdocs\lab10web\ci4\app\Controllers\User.php(26): CodeIgniter\BaseModel->first()
#7 C:\xampp\htdocs\lab10web\ci4\system\CodeIgniter.php(832): App\Controllers\User->login()
#8 C:\xampp\htdocs\lab10web\ci4\system\CodeIgniter.php(419): CodeIgniter\CodeIgniter->runController(Object(App\Controllers\User))
#9 C:\xampp\htdocs\lab10web\ci4\system\CodeIgniter.php(326): CodeIgniter\CodeIgniter->handleRequest(NULL, Object(Config\Cache), false)
#10 C:\xampp\htdocs\lab10web\ci4\public\index.php(37): CodeIgniter\CodeIgniter->run()
#11 C:\xampp\htdocs\lab10web\ci4\system\Commands\Server\rewrite.php(43): require_once('C:\\xampp\\htdocs...')
#12 {main}
ERROR - 2023-06-05 22:46:16 --> Table 'lab4_ci.user' doesn't exist
CRITICAL - 2023-06-05 22:46:16 --> Table 'lab4_ci.user' doesn't exist
#0 C:\xampp\htdocs\lab10web\ci4\system\Database\MySQLi\Connection.php(292): mysqli->query('SELECT *\nFROM `...', 0)
#1 C:\xampp\htdocs\lab10web\ci4\system\Database\BaseConnection.php(670): CodeIgniter\Database\MySQLi\Connection->execute('SELECT *\nFROM `...')
#2 C:\xampp\htdocs\lab10web\ci4\system\Database\BaseConnection.php(598): CodeIgniter\Database\BaseConnection->simpleQuery('SELECT *\nFROM `...')
#3 C:\xampp\htdocs\lab10web\ci4\system\Database\BaseBuilder.php(1455): CodeIgniter\Database\BaseConnection->query('SELECT *\nFROM `...', Array, false)
#4 C:\xampp\htdocs\lab10web\ci4\system\Model.php(210): CodeIgniter\Database\BaseBuilder->get()
#5 C:\xampp\htdocs\lab10web\ci4\system\BaseModel.php(622): CodeIgniter\Model->doFirst()
#6 C:\xampp\htdocs\lab10web\ci4\app\Controllers\User.php(26): CodeIgniter\BaseModel->first()
#7 C:\xampp\htdocs\lab10web\ci4\system\CodeIgniter.php(832): App\Controllers\User->login()
#8 C:\xampp\htdocs\lab10web\ci4\system\CodeIgniter.php(419): CodeIgniter\CodeIgniter->runController(Object(App\Controllers\User))
#9 C:\xampp\htdocs\lab10web\ci4\system\CodeIgniter.php(326): CodeIgniter\CodeIgniter->handleRequest(NULL, Object(Config\Cache), false)
#10 C:\xampp\htdocs\lab10web\ci4\public\index.php(37): CodeIgniter\CodeIgniter->run()
#11 C:\xampp\htdocs\lab10web\ci4\system\Commands\Server\rewrite.php(43): require_once('C:\\xampp\\htdocs...')
#12 {main}
ERROR - 2023-06-05 22:54:24 --> Table 'lab4_ci.user' doesn't exist
CRITICAL - 2023-06-05 22:54:24 --> Table 'lab4_ci.user' doesn't exist
#0 C:\xampp\htdocs\lab10web\ci4\system\Database\MySQLi\Connection.php(292): mysqli->query('SELECT *\nFROM `...', 0)
#1 C:\xampp\htdocs\lab10web\ci4\system\Database\BaseConnection.php(670): CodeIgniter\Database\MySQLi\Connection->execute('SELECT *\nFROM `...')
#2 C:\xampp\htdocs\lab10web\ci4\system\Database\BaseConnection.php(598): CodeIgniter\Database\BaseConnection->simpleQuery('SELECT *\nFROM `...')
#3 C:\xampp\htdocs\lab10web\ci4\system\Database\BaseBuilder.php(1455): CodeIgniter\Database\BaseConnection->query('SELECT *\nFROM `...', Array, false)
#4 C:\xampp\htdocs\lab10web\ci4\system\Model.php(210): CodeIgniter\Database\BaseBuilder->get()
#5 C:\xampp\htdocs\lab10web\ci4\system\BaseModel.php(622): CodeIgniter\Model->doFirst()
#6 C:\xampp\htdocs\lab10web\ci4\app\Controllers\User.php(26): CodeIgniter\BaseModel->first()
#7 C:\xampp\htdocs\lab10web\ci4\system\CodeIgniter.php(832): App\Controllers\User->login()
#8 C:\xampp\htdocs\lab10web\ci4\system\CodeIgniter.php(419): CodeIgniter\CodeIgniter->runController(Object(App\Controllers\User))
#9 C:\xampp\htdocs\lab10web\ci4\system\CodeIgniter.php(326): CodeIgniter\CodeIgniter->handleRequest(NULL, Object(Config\Cache), false)
#10 C:\xampp\htdocs\lab10web\ci4\public\index.php(37): CodeIgniter\CodeIgniter->run()
#11 C:\xampp\htdocs\lab10web\ci4\system\Commands\Server\rewrite.php(43): require_once('C:\\xampp\\htdocs...')
#12 {main}
